<?xml version="1.0" encoding="UTF-8"?>
<!-- Generated by org.testng.reporters.JUnitReportReporter -->
<testsuite hostname="LAPTOP-FH4GGG29" failures="0" tests="5" name="com.sgtesting.log4jassignments.CreateModifyDeleteCustomer" time="30.751" errors="0" timestamp="2021-06-03T17:54:33 IST" skipped="0">
  <testcase classname="com.sgtesting.log4jassignments.CreateModifyDeleteCustomer" name="entrance" time="9.408"/>
  <system-out/>
  <testcase classname="com.sgtesting.log4jassignments.CreateModifyDeleteCustomer" name="createCustomer" time="6.585"/>
  <system-out/>
  <testcase classname="com.sgtesting.log4jassignments.CreateModifyDeleteCustomer" name="modifyCustomer" time="6.241"/>
  <system-out/>
  <testcase classname="com.sgtesting.log4jassignments.CreateModifyDeleteCustomer" name="deleteCustomer" time="6.280"/>
  <system-out/>
  <testcase classname="com.sgtesting.log4jassignments.CreateModifyDeleteCustomer" name="exit" time="2.237"/>
  <system-out/>
</testsuite> <!-- com.sgtesting.log4jassignments.CreateModifyDeleteCustomer -->
