<?xml version="1.0" encoding="UTF-8"?>
<!-- Generated by org.testng.reporters.JUnitReportReporter -->
<testsuite hostname="LAPTOP-FH4GGG29" failures="0" tests="7" name="com.sgtesting.log4jassignments.Create3Users" time="80.486" errors="0" timestamp="2021-06-04T11:56:31 IST" skipped="0">
  <testcase classname="com.sgtesting.log4jassignments.Create3Users" name="entrance" time="10.388"/>
  <system-out/>
  <testcase classname="com.sgtesting.log4jassignments.Create3Users" name="create3Users" time="16.406"/>
  <system-out/>
  <testcase classname="com.sgtesting.log4jassignments.Create3Users" name="loginandlogoutuser1" time="8.740"/>
  <system-out/>
  <testcase classname="com.sgtesting.log4jassignments.Create3Users" name="loginandlogoutuser2" time="9.781"/>
  <system-out/>
  <testcase classname="com.sgtesting.log4jassignments.Create3Users" name="loginandlogoutuser3" time="9.794"/>
  <system-out/>
  <testcase classname="com.sgtesting.log4jassignments.Create3Users" name="deleteUser" time="22.908"/>
  <system-out/>
  <testcase classname="com.sgtesting.log4jassignments.Create3Users" name="exit" time="2.469"/>
  <system-out/>
</testsuite> <!-- com.sgtesting.log4jassignments.Create3Users -->
