<?xml version="1.0" encoding="UTF-8"?>
<!-- Generated by org.testng.reporters.JUnitReportReporter -->
<testsuite hostname="LAPTOP-FH4GGG29" failures="0" tests="15" name="com.sgtesting.testngassignments.AdvancedAssignment2" time="168.549" errors="0" timestamp="2021-06-02T14:58:48 IST" skipped="0">
  <testcase classname="com.sgtesting.testngassignments.AdvancedAssignment2" name="entrance" time="16.323"/>
  <system-out/>
  <testcase classname="com.sgtesting.testngassignments.AdvancedAssignment2" name="createUser1" time="9.481"/>
  <system-out/>
  <testcase classname="com.sgtesting.testngassignments.AdvancedAssignment2" name="loginuser1" time="5.741"/>
  <system-out/>
  <testcase classname="com.sgtesting.testngassignments.AdvancedAssignment2" name="createUser2" time="10.894"/>
  <system-out/>
  <testcase classname="com.sgtesting.testngassignments.AdvancedAssignment2" name="loginuser2" time="5.641"/>
  <system-out/>
  <testcase classname="com.sgtesting.testngassignments.AdvancedAssignment2" name="createUser3" time="14.988"/>
  <system-out/>
  <testcase classname="com.sgtesting.testngassignments.AdvancedAssignment2" name="modifyUser1" time="15.155"/>
  <system-out/>
  <testcase classname="com.sgtesting.testngassignments.AdvancedAssignment2" name="loginModifieduser1" time="5.003"/>
  <system-out/>
  <testcase classname="com.sgtesting.testngassignments.AdvancedAssignment2" name="modifyUser2" time="15.171"/>
  <system-out/>
  <testcase classname="com.sgtesting.testngassignments.AdvancedAssignment2" name="loginModifieduser2" time="4.940"/>
  <system-out/>
  <testcase classname="com.sgtesting.testngassignments.AdvancedAssignment2" name="modifyUser3" time="15.384"/>
  <system-out/>
  <testcase classname="com.sgtesting.testngassignments.AdvancedAssignment2" name="deleteuser3" time="16.773"/>
  <system-out/>
  <testcase classname="com.sgtesting.testngassignments.AdvancedAssignment2" name="deleteuser2" time="17.019"/>
  <system-out/>
  <testcase classname="com.sgtesting.testngassignments.AdvancedAssignment2" name="deleteuser1" time="11.412"/>
  <system-out/>
  <testcase classname="com.sgtesting.testngassignments.AdvancedAssignment2" name="exit" time="4.624"/>
  <system-out/>
</testsuite> <!-- com.sgtesting.testngassignments.AdvancedAssignment2 -->
