<?xml version="1.0" encoding="UTF-8"?>
<!-- Generated by org.testng.reporters.JUnitReportReporter -->
<testsuite hostname="LAPTOP-FH4GGG29" failures="0" tests="7" name="com.sgtesting.log4jassignments.CreateCustomerProjectTasksDeleteTasks" time="56.767" errors="0" timestamp="2021-06-03T18:39:53 IST" skipped="0">
  <testcase classname="com.sgtesting.log4jassignments.CreateCustomerProjectTasksDeleteTasks" name="entrance" time="10.338"/>
  <system-out/>
  <testcase classname="com.sgtesting.log4jassignments.CreateCustomerProjectTasksDeleteTasks" name="createCustomer" time="7.598"/>
  <system-out/>
  <testcase classname="com.sgtesting.log4jassignments.CreateCustomerProjectTasksDeleteTasks" name="createProject" time="4.296"/>
  <system-out/>
  <testcase classname="com.sgtesting.log4jassignments.CreateCustomerProjectTasksDeleteTasks" name="createTask" time="11.487"/>
  <system-out/>
  <testcase classname="com.sgtesting.log4jassignments.CreateCustomerProjectTasksDeleteTasks" name="deleteTask" time="16.506"/>
  <system-out/>
  <testcase classname="com.sgtesting.log4jassignments.CreateCustomerProjectTasksDeleteTasks" name="deleteCustomer" time="4.285"/>
  <system-out/>
  <testcase classname="com.sgtesting.log4jassignments.CreateCustomerProjectTasksDeleteTasks" name="exit" time="2.257"/>
  <system-out/>
</testsuite> <!-- com.sgtesting.log4jassignments.CreateCustomerProjectTasksDeleteTasks -->
