<?xml version="1.0" encoding="UTF-8"?>
<!-- Generated by org.testng.reporters.JUnitReportReporter -->
<testsuite hostname="LAPTOP-FH4GGG29" failures="0" tests="7" name="com.sgtesting.testngassignments.Create3Users" time="83.641" errors="0" timestamp="2021-06-04T11:24:15 IST" skipped="0">
  <testcase classname="com.sgtesting.testngassignments.Create3Users" name="entrance" time="12.388"/>
  <system-out/>
  <testcase classname="com.sgtesting.testngassignments.Create3Users" name="create3Users" time="14.062"/>
  <system-out/>
  <testcase classname="com.sgtesting.testngassignments.Create3Users" name="loginandlogoutuser1" time="12.120"/>
  <system-out/>
  <testcase classname="com.sgtesting.testngassignments.Create3Users" name="loginandlogoutuser2" time="9.833"/>
  <system-out/>
  <testcase classname="com.sgtesting.testngassignments.Create3Users" name="loginandlogoutuser3" time="9.840"/>
  <system-out/>
  <testcase classname="com.sgtesting.testngassignments.Create3Users" name="deleteUser" time="22.931"/>
  <system-out/>
  <testcase classname="com.sgtesting.testngassignments.Create3Users" name="exit" time="2.467"/>
  <system-out/>
</testsuite> <!-- com.sgtesting.testngassignments.Create3Users -->
