<?xml version="1.0" encoding="UTF-8"?>
<!-- Generated by org.testng.reporters.JUnitReportReporter -->
<testsuite hostname="LAPTOP-FH4GGG29" failures="0" tests="15" name="com.sgtesting.log4jassignments.AdvancedAssignment2" time="160.953" errors="0" timestamp="2021-06-04T14:09:00 IST" skipped="0">
  <testcase classname="com.sgtesting.log4jassignments.AdvancedAssignment2" name="entrance" time="12.515"/>
  <system-out/>
  <testcase classname="com.sgtesting.log4jassignments.AdvancedAssignment2" name="createUser1" time="9.111"/>
  <system-out/>
  <testcase classname="com.sgtesting.log4jassignments.AdvancedAssignment2" name="loginuser1" time="5.708"/>
  <system-out/>
  <testcase classname="com.sgtesting.log4jassignments.AdvancedAssignment2" name="createUser2" time="9.181"/>
  <system-out/>
  <testcase classname="com.sgtesting.log4jassignments.AdvancedAssignment2" name="loginuser2" time="5.564"/>
  <system-out/>
  <testcase classname="com.sgtesting.log4jassignments.AdvancedAssignment2" name="createUser3" time="14.284"/>
  <system-out/>
  <testcase classname="com.sgtesting.log4jassignments.AdvancedAssignment2" name="modifyUser1" time="15.393"/>
  <system-out/>
  <testcase classname="com.sgtesting.log4jassignments.AdvancedAssignment2" name="loginModifieduser1" time="4.554"/>
  <system-out/>
  <testcase classname="com.sgtesting.log4jassignments.AdvancedAssignment2" name="modifyUser2" time="15.448"/>
  <system-out/>
  <testcase classname="com.sgtesting.log4jassignments.AdvancedAssignment2" name="loginModifieduser2" time="4.424"/>
  <system-out/>
  <testcase classname="com.sgtesting.log4jassignments.AdvancedAssignment2" name="modifyUser3" time="15.486"/>
  <system-out/>
  <testcase classname="com.sgtesting.log4jassignments.AdvancedAssignment2" name="deleteuser3" time="16.423"/>
  <system-out/>
  <testcase classname="com.sgtesting.log4jassignments.AdvancedAssignment2" name="deleteuser2" time="16.445"/>
  <system-out/>
  <testcase classname="com.sgtesting.log4jassignments.AdvancedAssignment2" name="deleteuser1" time="11.685"/>
  <system-out/>
  <testcase classname="com.sgtesting.log4jassignments.AdvancedAssignment2" name="exit" time="4.732"/>
  <system-out/>
</testsuite> <!-- com.sgtesting.log4jassignments.AdvancedAssignment2 -->
