<?xml version="1.0" encoding="UTF-8"?>
<!-- Generated by org.testng.reporters.JUnitReportReporter -->
<testsuite hostname="LAPTOP-FH4GGG29" failures="0" tests="6" name="com.sgtesting.log4jassignments.CreateCustomerProjectDeleteProjectCustomer" time="32.249" errors="0" timestamp="2021-06-03T18:00:43 IST" skipped="0">
  <testcase classname="com.sgtesting.log4jassignments.CreateCustomerProjectDeleteProjectCustomer" name="entrance" time="10.970"/>
  <system-out/>
  <testcase classname="com.sgtesting.log4jassignments.CreateCustomerProjectDeleteProjectCustomer" name="createCustomer" time="6.524"/>
  <system-out/>
  <testcase classname="com.sgtesting.log4jassignments.CreateCustomerProjectDeleteProjectCustomer" name="createProject" time="4.204"/>
  <system-out/>
  <testcase classname="com.sgtesting.log4jassignments.CreateCustomerProjectDeleteProjectCustomer" name="deleteProject" time="8.268"/>
  <system-out/>
  <testcase classname="com.sgtesting.log4jassignments.CreateCustomerProjectDeleteProjectCustomer" name="deleteCustomer" time="0.027"/>
  <system-out/>
  <testcase classname="com.sgtesting.log4jassignments.CreateCustomerProjectDeleteProjectCustomer" name="exit" time="2.256"/>
  <system-out/>
</testsuite> <!-- com.sgtesting.log4jassignments.CreateCustomerProjectDeleteProjectCustomer -->
