<?xml version="1.0" encoding="UTF-8"?>
<!-- Generated by org.testng.reporters.JUnitReportReporter -->
<testsuite hostname="LAPTOP-FH4GGG29" failures="0" tests="7" name="com.sgtesting.log4jassignments.CreateCustomerProjectModifyProjectDeleteProjectCustomer" time="37.736" errors="0" timestamp="2021-06-03T18:30:31 IST" skipped="0">
  <testcase classname="com.sgtesting.log4jassignments.CreateCustomerProjectModifyProjectDeleteProjectCustomer" name="entrance" time="9.855"/>
  <system-out/>
  <testcase classname="com.sgtesting.log4jassignments.CreateCustomerProjectModifyProjectDeleteProjectCustomer" name="createCustomer" time="6.854"/>
  <system-out/>
  <testcase classname="com.sgtesting.log4jassignments.CreateCustomerProjectModifyProjectDeleteProjectCustomer" name="createProject" time="4.258"/>
  <system-out/>
  <testcase classname="com.sgtesting.log4jassignments.CreateCustomerProjectModifyProjectDeleteProjectCustomer" name="modifyProject" time="6.230"/>
  <system-out/>
  <testcase classname="com.sgtesting.log4jassignments.CreateCustomerProjectModifyProjectDeleteProjectCustomer" name="deleteProject" time="8.260"/>
  <system-out/>
  <testcase classname="com.sgtesting.log4jassignments.CreateCustomerProjectModifyProjectDeleteProjectCustomer" name="deleteCustomer" time="0.049"/>
  <system-out/>
  <testcase classname="com.sgtesting.log4jassignments.CreateCustomerProjectModifyProjectDeleteProjectCustomer" name="exit" time="2.230"/>
  <system-out/>
</testsuite> <!-- com.sgtesting.log4jassignments.CreateCustomerProjectModifyProjectDeleteProjectCustomer -->
