<?xml version="1.0" encoding="UTF-8"?>
<!-- Generated by org.testng.reporters.JUnitReportReporter -->
<testsuite hostname="LAPTOP-FH4GGG29" failures="0" tests="4" name="com.sgtesting.log4jassignments.CreateAndDeleteUser" time="26.555" errors="0" timestamp="2021-06-03T17:21:06 IST" skipped="0">
  <testcase classname="com.sgtesting.log4jassignments.CreateAndDeleteUser" name="entrance" time="8.575"/>
  <system-out/>
  <testcase classname="com.sgtesting.log4jassignments.CreateAndDeleteUser" name="createUser" time="8.567"/>
  <system-out/>
  <testcase classname="com.sgtesting.log4jassignments.CreateAndDeleteUser" name="deleteUser" time="7.175"/>
  <system-out/>
  <testcase classname="com.sgtesting.log4jassignments.CreateAndDeleteUser" name="exit" time="2.238"/>
  <system-out/>
</testsuite> <!-- com.sgtesting.log4jassignments.CreateAndDeleteUser -->
