<?xml version="1.0" encoding="UTF-8"?>
<!-- Generated by org.testng.reporters.JUnitReportReporter -->
<testsuite hostname="LAPTOP-FH4GGG29" failures="0" tests="5" name="com.sgtesting.log4jassignments.CreateModifyDeleteUser" time="33.923" errors="0" timestamp="2021-06-03T17:32:02 IST" skipped="0">
  <testcase classname="com.sgtesting.log4jassignments.CreateModifyDeleteUser" name="entrance" time="10.596"/>
  <system-out/>
  <testcase classname="com.sgtesting.log4jassignments.CreateModifyDeleteUser" name="createUser" time="8.286"/>
  <system-out/>
  <testcase classname="com.sgtesting.log4jassignments.CreateModifyDeleteUser" name="modifyUser" time="5.637"/>
  <system-out/>
  <testcase classname="com.sgtesting.log4jassignments.CreateModifyDeleteUser" name="deleteUser" time="7.164"/>
  <system-out/>
  <testcase classname="com.sgtesting.log4jassignments.CreateModifyDeleteUser" name="exit" time="2.240"/>
  <system-out/>
</testsuite> <!-- com.sgtesting.log4jassignments.CreateModifyDeleteUser -->
