<?xml version="1.0" encoding="UTF-8"?>
<!-- Generated by org.testng.reporters.JUnitReportReporter -->
<testsuite hostname="LAPTOP-FH4GGG29" failures="0" tests="4" name="com.sgtesting.log4jassignments.CreateAndDeleteCustomer" time="23.673" errors="0" timestamp="2021-06-03T17:49:44 IST" skipped="0">
  <testcase classname="com.sgtesting.log4jassignments.CreateAndDeleteCustomer" name="entrance" time="8.624"/>
  <system-out/>
  <testcase classname="com.sgtesting.log4jassignments.CreateAndDeleteCustomer" name="createCustomer" time="6.534"/>
  <system-out/>
  <testcase classname="com.sgtesting.log4jassignments.CreateAndDeleteCustomer" name="deleteCustomer" time="6.253"/>
  <system-out/>
  <testcase classname="com.sgtesting.log4jassignments.CreateAndDeleteCustomer" name="exit" time="2.262"/>
  <system-out/>
</testsuite> <!-- com.sgtesting.log4jassignments.CreateAndDeleteCustomer -->
